<?xml version="1.0" encoding="UTF-8"?>
<!-- Generated by org.testng.reporters.JUnitReportReporter -->
<testsuite skipped="0" hostname="DESKTOP-DN0EQG3" name="com.testng.org.TestNGPara" tests="1" failures="0" timestamp="11 Nov 2020 06:08:43 GMT" time="18.732" errors="0">
  <testcase name="launch" time="18.732" classname="com.testng.org.TestNGPara"/>
</testsuite> <!-- com.testng.org.TestNGPara -->
