<?xml version="1.0" encoding="UTF-8"?>
<!-- Generated by org.testng.reporters.JUnitReportReporter -->
<testsuite skipped="0" hostname="DESKTOP-DN0EQG3" name="com.testng.org.TestNGDD1" tests="2" failures="0" timestamp="19 Nov 2020 14:18:18 GMT" time="75.779" errors="0">
  <testcase name="Test1" time="37.875" classname="com.testng.org.TestNGDD1"/>
  <testcase name="Test1" time="37.904" classname="com.testng.org.TestNGDD1"/>
</testsuite> <!-- com.testng.org.TestNGDD1 -->
