<?xml version="1.0" encoding="UTF-8"?>
<!-- Generated by org.testng.reporters.JUnitReportReporter -->
<testsuite skipped="0" hostname="DESKTOP-DN0EQG3" name="com.testng.org.TestNGGroups" tests="2" failures="0" timestamp="11 Nov 2020 06:18:02 GMT" time="1.206" errors="0">
  <testcase name="t3" time="0.566" classname="com.testng.org.TestNGGroups"/>
  <testcase name="t1" time="0.640" classname="com.testng.org.TestNGGroups"/>
</testsuite> <!-- com.testng.org.TestNGGroups -->
