<?xml version="1.0" encoding="UTF-8"?>
<!-- Generated by org.testng.reporters.JUnitReportReporter -->
<testsuite skipped="0" hostname="DESKTOP-DN0EQG3" name="com.testng.org.TestNG" tests="4" failures="0" timestamp="11 Nov 2020 05:48:22 GMT" time="29.689" errors="0">
  <testcase name="launch" time="29.003" classname="com.testng.org.TestNG"/>
  <testcase name="t3" time="0.178" classname="com.testng.org.TestNG"/>
  <testcase name="t1" time="0.220" classname="com.testng.org.TestNG"/>
  <testcase name="t2" time="0.288" classname="com.testng.org.TestNG"/>
</testsuite> <!-- com.testng.org.TestNG -->
